PLINK v1.90b7 64-bit (16 Jan 2023)
Options in effect:
  --allow-extra-chr
  --make-bed
  --out example
  --vcf example.vcf

Hostname: Brittanys-MacBook-Pro-6.local
Working directory: /Users/Britt/Desktop/Scripting_Final_Project
Start time: Mon Apr  3 09:50:27 2023

Random number seed: 1680533427
16384 MB RAM detected; reserving 8192 MB for main workspace.
--vcf: example-temporary.bed + example-temporary.bim + example-temporary.fam
written.
9947 variants loaded from .bim file.
48 people (0 males, 0 females, 48 ambiguous) loaded from .fam.
Ambiguous sex IDs written to example.nosex .
Using 1 thread (no multithreaded calculations invoked).
Before main variant filters, 48 founders and 0 nonfounders present.
Calculating allele frequencies... done.
Total genotyping rate is 0.935596.
9947 variants and 48 people pass filters and QC.
Note: No phenotypes present.
--make-bed to example.bed + example.bim + example.fam ... done.

End time: Mon Apr  3 09:50:27 2023
